<?xml version="1.0" ?>
<!DOCTYPE coverage
  SYSTEM 'http://cobertura.sourceforge.net/xml/coverage-03.dtd'>
<coverage branch-rate="1.0" line-rate="1.0" timestamp="1431533833" version="gcovr 3.2">
<sources>
<source>.</source>
</sources>
<packages>
<package branch-rate="1.0" complexity="0.0" line-rate="1.0" name=".home.atsushi.DockerExam.jenkins.WarehouseCpp.src">
<classes>
<class branch-rate="1.0" complexity="0.0" filename="/home/atsushi/DockerExam/jenkins/WarehouseCpp/src/warehouse.cpp" line-rate="1.0" name="warehouse_cpp">
<methods/>
<lines>
<line branch="false" hits="2" number="3"/>
<line branch="false" hits="2" number="4"/>
<line branch="false" hits="2" number="5"/>
<line branch="false" hits="2" number="7"/>
<line branch="false" hits="2" number="8"/>
<line branch="false" hits="2" number="9"/>
<line branch="false" hits="2" number="11"/>
<line branch="true" condition-coverage="100% (2/2)" hits="2" number="12">
<conditions>
<condition coverage="100%" number="0" type="jump"/>
</conditions>
</line>
<line branch="false" hits="1" number="13"/>
<line branch="false" hits="1" number="14"/>
<line branch="false" hits="1" number="17"/>
<line branch="false" hits="1" number="18"/>
<line branch="false" hits="1" number="19"/>
<line branch="false" hits="2" number="22"/>
<line branch="false" hits="2" number="23"/>
</lines>
</class>
</classes>
</package>
</packages>
</coverage>

