<?xml version="1.0" ?>
<!DOCTYPE coverage
  SYSTEM 'http://cobertura.sourceforge.net/xml/coverage-03.dtd'>
<coverage branch-rate="0.459375" line-rate="0.694835680751" timestamp="1431446191" version="gcovr 3.2">
<sources>
<source>.</source>
</sources>
<packages>
<package branch-rate="0.495867768595" complexity="0.0" line-rate="1.0" name=".home.atsushi.DockerExam.jenkins.helloCpp">
<classes>
<class branch-rate="0.5" complexity="0.0" filename="/home/atsushi/DockerExam/jenkins/helloCpp/mainTest.cpp" line-rate="1.0" name="mainTest_cpp">
<methods/>
<lines>
<line branch="true" condition-coverage="50% (3/6)" hits="2" number="32">
<conditions>
<condition coverage="50%" number="0" type="jump"/>
</conditions>
</line>
<line branch="true" condition-coverage="50% (2/4)" hits="3" number="33">
<conditions>
<condition coverage="50%" number="0" type="jump"/>
</conditions>
</line>
<line branch="false" hits="1" number="11"/>
<line branch="true" condition-coverage="50% (1/2)" hits="1" number="12">
<conditions>
<condition coverage="50%" number="0" type="jump"/>
</conditions>
</line>
<line branch="true" condition-coverage="50% (2/4)" hits="2" number="13">
<conditions>
<condition coverage="50%" number="0" type="jump"/>
</conditions>
</line>
<line branch="true" condition-coverage="50% (1/2)" hits="1" number="14">
<conditions>
<condition coverage="50%" number="0" type="jump"/>
</conditions>
</line>
<line branch="true" condition-coverage="50% (2/4)" hits="2" number="16">
<conditions>
<condition coverage="50%" number="0" type="jump"/>
</conditions>
</line>
<line branch="true" condition-coverage="50% (1/2)" hits="1" number="17">
<conditions>
<condition coverage="50%" number="0" type="jump"/>
</conditions>
</line>
<line branch="true" condition-coverage="50% (2/4)" hits="2" number="19">
<conditions>
<condition coverage="50%" number="0" type="jump"/>
</conditions>
</line>
<line branch="true" condition-coverage="50% (5/10)" hits="1" number="20">
<conditions>
<condition coverage="50%" number="0" type="jump"/>
</conditions>
</line>
<line branch="true" condition-coverage="50% (3/6)" hits="1" number="21">
<conditions>
<condition coverage="50%" number="0" type="jump"/>
</conditions>
</line>
<line branch="true" condition-coverage="50% (4/8)" hits="2" number="24">
<conditions>
<condition coverage="50%" number="0" type="jump"/>
</conditions>
</line>
<line branch="true" condition-coverage="50% (1/2)" hits="1" number="25">
<conditions>
<condition coverage="50%" number="0" type="jump"/>
</conditions>
</line>
<line branch="true" condition-coverage="50% (2/4)" hits="2" number="28">
<conditions>
<condition coverage="50%" number="0" type="jump"/>
</conditions>
</line>
<line branch="true" condition-coverage="50% (4/8)" hits="2" number="29">
<conditions>
<condition coverage="50%" number="0" type="jump"/>
</conditions>
</line>
<line branch="true" condition-coverage="50% (1/2)" hits="1" number="30">
<conditions>
<condition coverage="50%" number="0" type="jump"/>
</conditions>
</line>
</lines>
</class>
<class branch-rate="0.488372093023" complexity="0.0" filename="/home/atsushi/DockerExam/jenkins/helloCpp/warehouseTest.cpp" line-rate="1.0" name="warehouseTest_cpp">
<methods/>
<lines>
<line branch="true" condition-coverage="50% (1/2)" hits="6" number="6">
<conditions>
<condition coverage="50%" number="0" type="jump"/>
</conditions>
</line>
<line branch="true" condition-coverage="40% (4/10)" hits="2" number="7">
<conditions>
<condition coverage="40%" number="0" type="jump"/>
</conditions>
</line>
<line branch="true" condition-coverage="50% (8/16)" hits="1" number="8">
<conditions>
<condition coverage="50%" number="0" type="jump"/>
</conditions>
</line>
<line branch="true" condition-coverage="50% (9/18)" hits="1" number="9">
<conditions>
<condition coverage="50%" number="0" type="jump"/>
</conditions>
</line>
<line branch="true" condition-coverage="45% (10/22)" hits="5" number="10">
<conditions>
<condition coverage="45%" number="0" type="jump"/>
</conditions>
</line>
<line branch="false" hits="1" number="12"/>
<line branch="true" condition-coverage="50% (1/2)" hits="1" number="13">
<conditions>
<condition coverage="50%" number="0" type="jump"/>
</conditions>
</line>
<line branch="false" hits="1" number="14"/>
<line branch="true" condition-coverage="50% (12/24)" hits="1" number="15">
<conditions>
<condition coverage="50%" number="0" type="jump"/>
</conditions>
</line>
<line branch="true" condition-coverage="50% (12/24)" hits="1" number="16">
<conditions>
<condition coverage="50%" number="0" type="jump"/>
</conditions>
</line>
<line branch="false" hits="1" number="17"/>
<line branch="false" hits="1" number="18"/>
<line branch="false" hits="1" number="20"/>
<line branch="true" condition-coverage="50% (1/2)" hits="1" number="21">
<conditions>
<condition coverage="50%" number="0" type="jump"/>
</conditions>
</line>
<line branch="false" hits="1" number="22"/>
<line branch="true" condition-coverage="50% (12/24)" hits="1" number="23">
<conditions>
<condition coverage="50%" number="0" type="jump"/>
</conditions>
</line>
<line branch="true" condition-coverage="50% (12/24)" hits="1" number="24">
<conditions>
<condition coverage="50%" number="0" type="jump"/>
</conditions>
</line>
<line branch="false" hits="1" number="25"/>
<line branch="false" hits="1" number="26"/>
<line branch="true" condition-coverage="50% (2/4)" hits="3" number="29">
<conditions>
<condition coverage="50%" number="0" type="jump"/>
</conditions>
</line>
</lines>
</class>
<class branch-rate="1.0" complexity="0.0" filename="/home/atsushi/DockerExam/jenkins/helloCpp/warehouse.cpp" line-rate="1.0" name="warehouse_cpp">
<methods/>
<lines>
<line branch="false" hits="2" number="3"/>
<line branch="false" hits="2" number="4"/>
<line branch="false" hits="2" number="5"/>
<line branch="false" hits="2" number="7"/>
<line branch="false" hits="2" number="8"/>
<line branch="false" hits="2" number="9"/>
<line branch="false" hits="2" number="11"/>
<line branch="true" condition-coverage="100% (2/2)" hits="2" number="12">
<conditions>
<condition coverage="100%" number="0" type="jump"/>
</conditions>
</line>
<line branch="false" hits="1" number="13"/>
<line branch="false" hits="1" number="14"/>
<line branch="false" hits="1" number="17"/>
<line branch="false" hits="1" number="18"/>
<line branch="false" hits="1" number="19"/>
<line branch="false" hits="2" number="22"/>
<line branch="false" hits="2" number="23"/>
</lines>
</class>
</classes>
</package>
<package branch-rate="0.0" complexity="0.0" line-rate="0.25" name=".usr.include.c++.4.9">
<classes>
<class branch-rate="0.0" complexity="0.0" filename="/usr/include/c++/4.9/iostream" line-rate="1.0" name="iostream">
<methods/>
<lines>
<line branch="false" hits="2" number="74"/>
</lines>
</class>
<class branch-rate="0.0" complexity="0.0" filename="/usr/include/c++/4.9/new" line-rate="0.0" name="new">
<methods/>
<lines>
<line branch="false" hits="0" number="152"/>
<line branch="false" hits="0" number="146"/>
<line branch="false" hits="0" number="147"/>
</lines>
</class>
</classes>
</package>
<package branch-rate="0.205882352941" complexity="0.0" line-rate="0.566265060241" name=".usr.include.c++.4.9.bits">
<classes>
<class branch-rate="0.0" complexity="0.0" filename="/usr/include/c++/4.9/bits/allocator.h" line-rate="0.666666666667" name="allocator_h">
<methods/>
<lines>
<line branch="false" hits="0" number="121"/>
<line branch="false" hits="1" number="115"/>
<line branch="false" hits="1" number="116"/>
</lines>
</class>
<class branch-rate="0.0" complexity="0.0" filename="/usr/include/c++/4.9/bits/basic_string.h" line-rate="0.0" name="basic_string_h">
<methods/>
<lines>
<line branch="false" hits="0" number="272"/>
</lines>
</class>
<class branch-rate="0.0" complexity="0.0" filename="/usr/include/c++/4.9/bits/ios_base.h" line-rate="0.5" name="ios_base_h">
<methods/>
<lines>
<line branch="false" hits="1" number="120"/>
<line branch="false" hits="0" number="157"/>
<line branch="false" hits="0" number="158"/>
<line branch="false" hits="1" number="119"/>
</lines>
</class>
<class branch-rate="0.0" complexity="0.0" filename="/usr/include/c++/4.9/bits/move.h" line-rate="0.0" name="move_h">
<methods/>
<lines>
<line branch="false" hits="0" number="50"/>
<line branch="false" hits="0" number="47"/>
</lines>
</class>
<class branch-rate="0.0" complexity="0.0" filename="/usr/include/c++/4.9/bits/stl_construct.h" line-rate="0.0" name="stl_construct_h">
<methods/>
<lines>
<line branch="false" hits="0" number="128"/>
<line branch="false" hits="0" number="100"/>
<line branch="true" condition-coverage="0% (0/2)" hits="0" number="102">
<conditions>
<condition coverage="0%" number="0" type="jump"/>
</conditions>
</line>
<line branch="false" hits="0" number="103"/>
<line branch="false" hits="0" number="104"/>
<line branch="false" hits="0" number="79"/>
<line branch="true" condition-coverage="0% (0/4)" hits="0" number="83">
<conditions>
<condition coverage="0%" number="0" type="jump"/>
</conditions>
</line>
<line branch="false" hits="0" number="84"/>
<line branch="false" hits="0" number="122"/>
<line branch="false" hits="0" number="92"/>
<line branch="false" hits="0" number="93"/>
<line branch="false" hits="0" number="126"/>
</lines>
</class>
<class branch-rate="0.0" complexity="0.0" filename="/usr/include/c++/4.9/bits/stl_iterator.h" line-rate="0.545454545455" name="stl_iterator_h">
<methods/>
<lines>
<line branch="false" hits="1" number="832"/>
<line branch="false" hits="0" number="741"/>
<line branch="false" hits="0" number="742"/>
<line branch="false" hits="0" number="749"/>
<line branch="false" hits="0" number="751"/>
<line branch="false" hits="0" number="752"/>
<line branch="false" hits="2" number="729"/>
<line branch="false" hits="2" number="728"/>
<line branch="false" hits="2" number="793"/>
<line branch="false" hits="2" number="794"/>
<line branch="false" hits="1" number="829"/>
</lines>
</class>
<class branch-rate="0.0" complexity="0.0" filename="/usr/include/c++/4.9/bits/stl_pair.h" line-rate="0.0" name="stl_pair_h">
<methods/>
<lines>
<line branch="true" condition-coverage="0% (0/6)" hits="0" number="96">
<conditions>
<condition coverage="0%" number="0" type="jump"/>
</conditions>
</line>
</lines>
</class>
<class branch-rate="0.25" complexity="0.0" filename="/usr/include/c++/4.9/bits/stl_uninitialized.h" line-rate="0.692307692308" name="stl_uninitialized_h">
<methods/>
<lines>
<line branch="false" hits="1" number="107"/>
<line branch="false" hits="1" number="68"/>
<line branch="false" hits="1" number="71"/>
<line branch="true" condition-coverage="50% (2/4)" hits="1" number="74">
<conditions>
<condition coverage="50%" number="0" type="jump"/>
</conditions>
</line>
<line branch="true" condition-coverage="0% (0/2)" hits="0" number="75">
<conditions>
<condition coverage="0%" number="0" type="jump"/>
</conditions>
</line>
<line branch="false" hits="1" number="76"/>
<line branch="false" hits="0" number="78"/>
<line branch="true" condition-coverage="0% (0/2)" hits="0" number="80">
<conditions>
<condition coverage="0%" number="0" type="jump"/>
</conditions>
</line>
<line branch="false" hits="0" number="81"/>
<line branch="false" hits="1" number="115"/>
<line branch="false" hits="1" number="277"/>
<line branch="false" hits="1" number="279"/>
<line branch="false" hits="1" number="126"/>
</lines>
</class>
<class branch-rate="0.357142857143" complexity="0.0" filename="/usr/include/c++/4.9/bits/stl_vector.h" line-rate="0.777777777778" name="stl_vector_h">
<methods/>
<lines>
<line branch="false" hits="1" number="134"/>
<line branch="false" hits="1" number="135"/>
<line branch="true" condition-coverage="50% (1/2)" hits="1" number="136">
<conditions>
<condition coverage="50%" number="0" type="jump"/>
</conditions>
</line>
<line branch="false" hits="1" number="654"/>
<line branch="false" hits="1" number="655"/>
<line branch="false" hits="0" number="159"/>
<line branch="true" condition-coverage="0% (0/2)" hits="0" number="160">
<conditions>
<condition coverage="0%" number="0" type="jump"/>
</conditions>
</line>
<line branch="false" hits="0" number="161"/>
<line branch="false" hits="1" number="167"/>
<line branch="true" condition-coverage="50% (1/2)" hits="1" number="170">
<conditions>
<condition coverage="50%" number="0" type="jump"/>
</conditions>
</line>
<line branch="false" hits="1" number="556"/>
<line branch="false" hits="1" number="557"/>
<line branch="false" hits="0" number="174"/>
<line branch="true" condition-coverage="0% (0/2)" hits="0" number="177">
<conditions>
<condition coverage="0%" number="0" type="jump"/>
</conditions>
</line>
<line branch="false" hits="0" number="178"/>
<line branch="false" hits="0" number="179"/>
<line branch="false" hits="1" number="183"/>
<line branch="false" hits="1" number="185"/>
<line branch="false" hits="1" number="186"/>
<line branch="false" hits="1" number="187"/>
<line branch="false" hits="1" number="188"/>
<line branch="false" hits="1" number="318"/>
<line branch="false" hits="1" number="575"/>
<line branch="false" hits="1" number="320"/>
<line branch="false" hits="1" number="321"/>
<line branch="true" condition-coverage="50% (3/6)" hits="1" number="324">
<conditions>
<condition coverage="50%" number="0" type="jump"/>
</conditions>
</line>
<line branch="false" hits="1" number="325"/>
<line branch="false" hits="0" number="79"/>
<line branch="false" hits="1" number="90"/>
<line branch="false" hits="1" number="91"/>
<line branch="false" hits="1" number="92"/>
<line branch="false" hits="1" number="117"/>
<line branch="false" hits="1" number="113"/>
<line branch="false" hits="1" number="114"/>
<line branch="false" hits="1" number="574"/>
<line branch="false" hits="1" number="118"/>
</lines>
</class>
</classes>
</package>
<package branch-rate="0.0" complexity="0.0" line-rate="0.0769230769231" name=".usr.include.c++.4.9.ext">
<classes>
<class branch-rate="0.0" complexity="0.0" filename="/usr/include/c++/4.9/ext/alloc_traits.h" line-rate="0.2" name="alloc_traits_h">
<methods/>
<lines>
<line branch="false" hits="0" number="184"/>
<line branch="false" hits="0" number="185"/>
<line branch="false" hits="0" number="181"/>
<line branch="false" hits="0" number="182"/>
<line branch="false" hits="1" number="197"/>
</lines>
</class>
<class branch-rate="0.0" complexity="0.0" filename="/usr/include/c++/4.9/ext/atomicity.h" line-rate="0.0" name="atomicity_h">
<methods/>
<lines>
<line branch="false" hits="0" number="65"/>
<line branch="false" hits="0" number="67"/>
<line branch="false" hits="0" number="68"/>
<line branch="false" hits="0" number="69"/>
<line branch="false" hits="0" number="49"/>
<line branch="false" hits="0" number="78"/>
<line branch="false" hits="0" number="48"/>
<line branch="true" condition-coverage="0% (0/2)" hits="0" number="81">
<conditions>
<condition coverage="0%" number="0" type="jump"/>
</conditions>
</line>
<line branch="false" hits="0" number="82"/>
<line branch="false" hits="0" number="84"/>
</lines>
</class>
<class branch-rate="0.0" complexity="0.0" filename="/usr/include/c++/4.9/ext/new_allocator.h" line-rate="0.0909090909091" name="new_allocator_h">
<methods/>
<lines>
<line branch="false" hits="0" number="99"/>
<line branch="true" condition-coverage="0% (0/2)" hits="0" number="101">
<conditions>
<condition coverage="0%" number="0" type="jump"/>
</conditions>
</line>
<line branch="false" hits="0" number="102"/>
<line branch="false" hits="1" number="81"/>
<line branch="false" hits="0" number="104"/>
<line branch="false" hits="0" number="109"/>
<line branch="false" hits="0" number="110"/>
<line branch="false" hits="0" number="79"/>
<line branch="false" hits="0" number="113"/>
<line branch="false" hits="0" number="114"/>
<line branch="false" hits="0" number="86"/>
</lines>
</class>
</classes>
</package>
<package branch-rate="0.5" complexity="0.0" line-rate="1.0" name=".usr.include.cppunit">
<classes>
<class branch-rate="0.5" complexity="0.0" filename="/usr/include/cppunit/TestCaller.h" line-rate="1.0" name="TestCaller_h">
<methods/>
<lines>
<line branch="true" condition-coverage="50% (2/4)" hits="2" number="160">
<conditions>
<condition coverage="50%" number="0" type="jump"/>
</conditions>
</line>
<line branch="true" condition-coverage="50% (2/4)" hits="6" number="161">
<conditions>
<condition coverage="50%" number="0" type="jump"/>
</conditions>
</line>
<line branch="false" hits="2" number="163"/>
<line branch="true" condition-coverage="50% (1/2)" hits="2" number="166">
<conditions>
<condition coverage="50%" number="0" type="jump"/>
</conditions>
</line>
<line branch="false" hits="2" number="173"/>
<line branch="false" hits="2" number="175"/>
<line branch="false" hits="2" number="177"/>
<line branch="false" hits="2" number="178"/>
<line branch="false" hits="2" number="180"/>
<line branch="false" hits="2" number="149"/>
<line branch="false" hits="2" number="182"/>
<line branch="false" hits="2" number="183"/>
<line branch="false" hits="2" number="153"/>
<line branch="false" hits="2" number="155"/>
<line branch="false" hits="4" number="157"/>
<line branch="true" condition-coverage="50% (1/2)" hits="2" number="159">
<conditions>
<condition coverage="50%" number="0" type="jump"/>
</conditions>
</line>
</lines>
</class>
<class branch-rate="0.5" complexity="0.0" filename="/usr/include/cppunit/TestFixture.h" line-rate="1.0" name="TestFixture_h">
<methods/>
<lines>
<line branch="false" hits="2" number="89"/>
<line branch="false" hits="2" number="83"/>
<line branch="false" hits="2" number="92"/>
<line branch="true" condition-coverage="50% (1/2)" hits="2" number="86">
<conditions>
<condition coverage="50%" number="0" type="jump"/>
</conditions>
</line>
</lines>
</class>
</classes>
</package>
<package branch-rate="0.5" complexity="0.0" line-rate="1.0" name=".usr.include.cppunit.extensions">
<classes>
<class branch-rate="0.5" complexity="0.0" filename="/usr/include/cppunit/extensions/AutoRegisterSuite.h" line-rate="1.0" name="AutoRegisterSuite_h">
<methods/>
<lines>
<line branch="false" hits="1" number="33"/>
<line branch="true" condition-coverage="50% (3/6)" hits="1" number="34">
<conditions>
<condition coverage="50%" number="0" type="jump"/>
</conditions>
</line>
<line branch="true" condition-coverage="50% (1/2)" hits="1" number="36">
<conditions>
<condition coverage="50%" number="0" type="jump"/>
</conditions>
</line>
<line branch="false" hits="1" number="37"/>
<line branch="false" hits="1" number="48"/>
<line branch="true" condition-coverage="50% (2/4)" hits="1" number="50">
<conditions>
<condition coverage="50%" number="0" type="jump"/>
</conditions>
</line>
<line branch="true" condition-coverage="50% (1/2)" hits="1" number="51">
<conditions>
<condition coverage="50%" number="0" type="jump"/>
</conditions>
</line>
<line branch="false" hits="1" number="52"/>
</lines>
</class>
<class branch-rate="0.5" complexity="0.0" filename="/usr/include/cppunit/extensions/TestFactory.h" line-rate="1.0" name="TestFactory_h">
<methods/>
<lines>
<line branch="true" condition-coverage="50% (1/2)" hits="1" number="16">
<conditions>
<condition coverage="50%" number="0" type="jump"/>
</conditions>
</line>
<line branch="false" hits="1" number="13"/>
</lines>
</class>
<class branch-rate="0.5" complexity="0.0" filename="/usr/include/cppunit/extensions/TestFixtureFactory.h" line-rate="1.0" name="TestFixtureFactory_h">
<methods/>
<lines>
<line branch="false" hits="1" number="16"/>
<line branch="false" hits="2" number="41"/>
<line branch="true" condition-coverage="50% (1/2)" hits="2" number="31">
<conditions>
<condition coverage="50%" number="0" type="jump"/>
</conditions>
</line>
<line branch="true" condition-coverage="50% (1/2)" hits="1" number="22">
<conditions>
<condition coverage="50%" number="0" type="jump"/>
</conditions>
</line>
<line branch="false" hits="2" number="39"/>
</lines>
</class>
<class branch-rate="0.5" complexity="0.0" filename="/usr/include/cppunit/extensions/TestSuiteBuilderContext.h" line-rate="1.0" name="TestSuiteBuilderContext_h">
<methods/>
<lines>
<line branch="true" condition-coverage="50% (2/4)" hits="1" number="100">
<conditions>
<condition coverage="50%" number="0" type="jump"/>
</conditions>
</line>
<line branch="false" hits="1" number="105"/>
<line branch="false" hits="1" number="106"/>
<line branch="false" hits="1" number="108"/>
<line branch="false" hits="2" number="116"/>
<line branch="false" hits="2" number="118"/>
<line branch="false" hits="1" number="29"/>
</lines>
</class>
<class branch-rate="0.5" complexity="0.0" filename="/usr/include/cppunit/extensions/TestSuiteFactory.h" line-rate="1.0" name="TestSuiteFactory_h">
<methods/>
<lines>
<line branch="false" hits="1" number="18"/>
<line branch="false" hits="1" number="20"/>
<line branch="true" condition-coverage="50% (1/2)" hits="2" number="15">
<conditions>
<condition coverage="50%" number="0" type="jump"/>
</conditions>
</line>
</lines>
</class>
</classes>
</package>
<package branch-rate="0.0" complexity="0.0" line-rate="1.0" name=".usr.include.cppunit.portability">
<classes>
<class branch-rate="0.0" complexity="0.0" filename="/usr/include/cppunit/portability/Stream.h" line-rate="1.0" name="Stream_h">
<methods/>
<lines>
<line branch="false" hits="1" number="332"/>
<line branch="false" hits="1" number="334"/>
</lines>
</class>
</classes>
</package>
<package branch-rate="0.0" complexity="0.0" line-rate="0.0" name=".usr.include.x86_64-linux-gnu.c++.4.9.bits">
<classes>
<class branch-rate="0.0" complexity="0.0" filename="/usr/include/x86_64-linux-gnu/c++/4.9/bits/gthr-default.h" line-rate="0.0" name="gthr-default_h">
<methods/>
<lines>
<line branch="false" hits="0" number="251"/>
<line branch="false" hits="0" number="247"/>
</lines>
</class>
</classes>
</package>
</packages>
</coverage>

